[0.255s] Invoking command in '/home/eleclabs/ros2_ws/build/examples_rclcpp_minimal_action_client': CMAKE_PREFIX_PATH=${CMAKE_PREFIX_PATH}:/home/eleclabs/ros2_ws/install/mypkg:/home/eleclabs/ros2_ws/install/my_robot_controller:/home/eleclabs/ros2_ws/install/my_camera:/opt/ros/humble /usr/bin/cmake /home/eleclabs/ros2_ws/src/examples/rclcpp/actions/minimal_action_client -DCMAKE_INSTALL_PREFIX=/home/eleclabs/ros2_ws/install/examples_rclcpp_minimal_action_client
[3.820s] -- Found ament_cmake: 1.3.10 (/opt/ros/humble/share/ament_cmake/cmake)
[3.821s] -- Override CMake install command with custom implementation using symlinks instead of copying resources
[3.821s] -- Found example_interfaces: 0.9.3 (/opt/ros/humble/share/example_interfaces/cmake)
[3.824s] -- Found rosidl_generator_c: 3.1.5 (/opt/ros/humble/share/rosidl_generator_c/cmake)
[3.825s] -- Found rosidl_adapter: 3.1.5 (/opt/ros/humble/share/rosidl_adapter/cmake)
[3.826s] -- Found rosidl_generator_cpp: 3.1.5 (/opt/ros/humble/share/rosidl_generator_cpp/cmake)
[3.827s] -- Using all available rosidl_typesupport_c: rosidl_typesupport_fastrtps_c;rosidl_typesupport_introspection_c
[3.828s] -- Using all available rosidl_typesupport_cpp: rosidl_typesupport_fastrtps_cpp;rosidl_typesupport_introspection_cpp
[3.829s] -- Found rclcpp: 16.0.10 (/opt/ros/humble/share/rclcpp/cmake)
[3.830s] -- Found rmw_implementation_cmake: 6.1.2 (/opt/ros/humble/share/rmw_implementation_cmake/cmake)
[3.830s] -- Found rmw_cyclonedds_cpp: 1.3.4 (/opt/ros/humble/share/rmw_cyclonedds_cpp/cmake)
[3.831s] -- Using RMW implementation 'rmw_cyclonedds_cpp' as default
[3.831s] -- Found rclcpp_action: 16.0.10 (/opt/ros/humble/share/rclcpp_action/cmake)
[3.832s] -- Found ament_lint_auto: 0.12.11 (/opt/ros/humble/share/ament_lint_auto/cmake)
[3.832s] -- Added test 'copyright' to check source files copyright and LICENSE
[3.833s] -- Added test 'cppcheck' to perform static code analysis on C / C++ code
[3.834s] -- Configured cppcheck include dirs: 
[3.835s] -- Configured cppcheck exclude dirs and/or files: 
[3.836s] -- Added test 'cpplint' to check C / C++ code against the Google style
[3.838s] -- Configured cpplint exclude dirs and/or files: 
[3.838s] -- Added test 'lint_cmake' to check CMake code style
[3.841s] -- Added test 'uncrustify' to check C / C++ code style
[3.842s] -- Configured uncrustify additional arguments: 
[3.843s] -- Added test 'xmllint' to check XML markup files
[3.843s] -- Configuring done
[3.844s] -- Generating done
[3.844s] -- Build files have been written to: /home/eleclabs/ros2_ws/build/examples_rclcpp_minimal_action_client
[4.083s] Invoked command in '/home/eleclabs/ros2_ws/build/examples_rclcpp_minimal_action_client' returned '0': CMAKE_PREFIX_PATH=${CMAKE_PREFIX_PATH}:/home/eleclabs/ros2_ws/install/mypkg:/home/eleclabs/ros2_ws/install/my_robot_controller:/home/eleclabs/ros2_ws/install/my_camera:/opt/ros/humble /usr/bin/cmake /home/eleclabs/ros2_ws/src/examples/rclcpp/actions/minimal_action_client -DCMAKE_INSTALL_PREFIX=/home/eleclabs/ros2_ws/install/examples_rclcpp_minimal_action_client
[4.083s] Invoking command in '/home/eleclabs/ros2_ws/build/examples_rclcpp_minimal_action_client': CMAKE_PREFIX_PATH=${CMAKE_PREFIX_PATH}:/home/eleclabs/ros2_ws/install/mypkg:/home/eleclabs/ros2_ws/install/my_robot_controller:/home/eleclabs/ros2_ws/install/my_camera:/opt/ros/humble /usr/bin/cmake --build /home/eleclabs/ros2_ws/build/examples_rclcpp_minimal_action_client -- -j16 -l16
[4.187s] [35m[1mConsolidate compiler generated dependencies of target action_client_not_composable_with_feedback[0m
[4.214s] [ 12%] [32mBuilding CXX object CMakeFiles/action_client_not_composable.dir/not_composable.cpp.o[0m
[4.270s] [ 25%] [32mBuilding CXX object CMakeFiles/action_client_member_functions.dir/member_functions.cpp.o[0m
[4.318s] [ 37%] [32mBuilding CXX object CMakeFiles/action_client_not_composable_with_cancel.dir/not_composable_with_cancel.cpp.o[0m
[4.372s] [ 62%] Built target action_client_not_composable_with_feedback
[33.766s] gmake[2]: *** [CMakeFiles/action_client_member_functions.dir/build.make:76: CMakeFiles/action_client_member_functions.dir/member_functions.cpp.o] Interrupt
[34.205s] gmake[2]: *** [CMakeFiles/action_client_not_composable_with_cancel.dir/build.make:76: CMakeFiles/action_client_not_composable_with_cancel.dir/not_composable_with_cancel.cpp.o] Interrupt
[34.205s] gmake[2]: *** [CMakeFiles/action_client_not_composable.dir/build.make:76: CMakeFiles/action_client_not_composable.dir/not_composable.cpp.o] Interrupt
[34.205s] gmake[1]: *** [CMakeFiles/Makefile2:169: CMakeFiles/action_client_not_composable.dir/all] Interrupt
[34.205s] gmake[1]: *** [CMakeFiles/Makefile2:143: CMakeFiles/action_client_member_functions.dir/all] Interrupt
[34.206s] gmake[1]: *** [CMakeFiles/Makefile2:195: CMakeFiles/action_client_not_composable_with_cancel.dir/all] Interrupt
[34.209s] gmake: *** [Makefile:146: all] Interrupt
