[14.151s] Invoking command in '/home/eleclabs/ros2_ws/build/examples_rclpy_guard_conditions': PYTHONPATH=/home/eleclabs/ros2_ws/build/examples_rclpy_guard_conditions/prefix_override:/usr/lib/python3/dist-packages/colcon_core/task/python/colcon_distutils_commands:/home/eleclabs/ros2_ws/install/examples_rclpy_guard_conditions/lib/python3.10/site-packages:${PYTHONPATH} /usr/bin/python3 -W ignore:setup.py install is deprecated setup.py develop --uninstall --editable --build-directory /home/eleclabs/ros2_ws/build/examples_rclpy_guard_conditions/build
[26.344s] running develop
[26.370s] Removing /home/eleclabs/ros2_ws/install/examples_rclpy_guard_conditions/lib/python3.10/site-packages/examples-rclpy-guard-conditions.egg-link (link to .)
[26.710s] Invoked command in '/home/eleclabs/ros2_ws/build/examples_rclpy_guard_conditions' returned '0': PYTHONPATH=/home/eleclabs/ros2_ws/build/examples_rclpy_guard_conditions/prefix_override:/usr/lib/python3/dist-packages/colcon_core/task/python/colcon_distutils_commands:/home/eleclabs/ros2_ws/install/examples_rclpy_guard_conditions/lib/python3.10/site-packages:${PYTHONPATH} /usr/bin/python3 -W ignore:setup.py install is deprecated setup.py develop --uninstall --editable --build-directory /home/eleclabs/ros2_ws/build/examples_rclpy_guard_conditions/build
[26.741s] Invoking command in '/home/eleclabs/ros2_ws/src/examples/rclpy/guard_conditions': PYTHONPATH=/home/eleclabs/ros2_ws/build/examples_rclpy_guard_conditions/prefix_override:/usr/lib/python3/dist-packages/colcon_core/task/python/colcon_distutils_commands:/home/eleclabs/ros2_ws/install/examples_rclpy_guard_conditions/lib/python3.10/site-packages:${PYTHONPATH} /usr/bin/python3 -W ignore:setup.py install is deprecated setup.py egg_info --egg-base ../../../../build/examples_rclpy_guard_conditions build --build-base /home/eleclabs/ros2_ws/build/examples_rclpy_guard_conditions/build install --record /home/eleclabs/ros2_ws/build/examples_rclpy_guard_conditions/install.log --single-version-externally-managed install_data --force
[34.047s] Traceback (most recent call last):
[34.048s]   File "/home/eleclabs/.local/lib/python3.10/site-packages/pkg_resources/__init__.py", line 2638, in key
[34.049s]     return self._key
[34.050s]   File "/home/eleclabs/.local/lib/python3.10/site-packages/pkg_resources/__init__.py", line 2813, in __getattr__
[34.050s]     raise AttributeError(attr)
[34.050s] AttributeError: _key. Did you mean: 'key'?
[34.050s] 
[34.050s] During handling of the above exception, another exception occurred:
[34.051s] 
[34.051s] Traceback (most recent call last):
[34.051s]   File "/home/eleclabs/ros2_ws/src/examples/rclpy/guard_conditions/setup.py", line 1, in <module>
[34.051s]     from setuptools import setup
[34.052s]   File "/home/eleclabs/.local/lib/python3.10/site-packages/setuptools/__init__.py", line 16, in <module>
[34.052s]     import setuptools.version
[34.053s]   File "/home/eleclabs/.local/lib/python3.10/site-packages/setuptools/version.py", line 1, in <module>
[34.053s]     import pkg_resources
[34.053s]   File "/home/eleclabs/.local/lib/python3.10/site-packages/pkg_resources/__init__.py", line 3243, in <module>
[34.054s]     def _initialize_master_working_set():
[34.054s]   File "/home/eleclabs/.local/lib/python3.10/site-packages/pkg_resources/__init__.py", line 3226, in _call_aside
[34.079s]     f(*args, **kwargs)
[34.116s]   File "/home/eleclabs/.local/lib/python3.10/site-packages/pkg_resources/__init__.py", line 3255, in _initialize_master_working_set
[34.118s]     working_set = WorkingSet._build_master()
[34.118s]   File "/home/eleclabs/.local/lib/python3.10/site-packages/pkg_resources/__init__.py", line 559, in _build_master
[34.118s]     ws = cls()
[34.119s]   File "/home/eleclabs/.local/lib/python3.10/site-packages/pkg_resources/__init__.py", line 552, in __init__
[34.119s]     self.add_entry(entry)
[34.119s]   File "/home/eleclabs/.local/lib/python3.10/site-packages/pkg_resources/__init__.py", line 609, in add_entry
[34.120s]     self.add(dist, entry, False)
[34.120s]   File "/home/eleclabs/.local/lib/python3.10/site-packages/pkg_resources/__init__.py", line 689, in add
[34.120s]     if not replace and dist.key in self.by_key:
[34.120s]   File "/home/eleclabs/.local/lib/python3.10/site-packages/pkg_resources/__init__.py", line 2638, in key
[34.120s]     return self._key
[34.120s] KeyboardInterrupt
