[0.215s] Invoking command in '/home/eleclabs/ros2_ws/build/examples_rclcpp_wait_set': CMAKE_PREFIX_PATH=${CMAKE_PREFIX_PATH}:/home/eleclabs/ros2_ws/install/mypkg:/home/eleclabs/ros2_ws/install/my_robot_controller:/home/eleclabs/ros2_ws/install/my_camera:/opt/ros/humble /usr/bin/cmake /home/eleclabs/ros2_ws/src/examples/rclcpp/wait_set -DCMAKE_INSTALL_PREFIX=/home/eleclabs/ros2_ws/install/examples_rclcpp_wait_set
[3.878s] -- Found ament_cmake: 1.3.10 (/opt/ros/humble/share/ament_cmake/cmake)
[3.878s] -- Override CMake install command with custom implementation using symlinks instead of copying resources
[3.879s] -- Found example_interfaces: 0.9.3 (/opt/ros/humble/share/example_interfaces/cmake)
[3.879s] -- Found rosidl_generator_c: 3.1.5 (/opt/ros/humble/share/rosidl_generator_c/cmake)
[3.879s] -- Found rosidl_adapter: 3.1.5 (/opt/ros/humble/share/rosidl_adapter/cmake)
[3.880s] -- Found rosidl_generator_cpp: 3.1.5 (/opt/ros/humble/share/rosidl_generator_cpp/cmake)
[3.880s] -- Using all available rosidl_typesupport_c: rosidl_typesupport_fastrtps_c;rosidl_typesupport_introspection_c
[3.880s] -- Using all available rosidl_typesupport_cpp: rosidl_typesupport_fastrtps_cpp;rosidl_typesupport_introspection_cpp
[3.880s] -- Found rclcpp: 16.0.10 (/opt/ros/humble/share/rclcpp/cmake)
[3.880s] -- Found rmw_implementation_cmake: 6.1.2 (/opt/ros/humble/share/rmw_implementation_cmake/cmake)
[3.881s] -- Found rmw_cyclonedds_cpp: 1.3.4 (/opt/ros/humble/share/rmw_cyclonedds_cpp/cmake)
[3.881s] -- Using RMW implementation 'rmw_cyclonedds_cpp' as default
[3.881s] -- Found rclcpp_components: 16.0.10 (/opt/ros/humble/share/rclcpp_components/cmake)
[3.881s] -- Found ament_lint_auto: 0.12.11 (/opt/ros/humble/share/ament_lint_auto/cmake)
[3.882s] -- Added test 'copyright' to check source files copyright and LICENSE
[3.882s] -- Added test 'cppcheck' to perform static code analysis on C / C++ code
[3.882s] -- Configured cppcheck include dirs: /home/eleclabs/ros2_ws/src/examples/rclcpp/wait_set/include
[3.882s] -- Configured cppcheck exclude dirs and/or files: 
[3.883s] -- Added test 'cpplint' to check C / C++ code against the Google style
[3.883s] -- Configured cpplint exclude dirs and/or files: 
[3.885s] -- Added test 'lint_cmake' to check CMake code style
[3.885s] -- Added test 'uncrustify' to check C / C++ code style
[3.885s] -- Configured uncrustify additional arguments: 
[3.885s] -- Added test 'xmllint' to check XML markup files
[3.885s] -- Configuring done
[3.886s] -- Generating done
[3.886s] -- Build files have been written to: /home/eleclabs/ros2_ws/build/examples_rclcpp_wait_set
[3.971s] Invoked command in '/home/eleclabs/ros2_ws/build/examples_rclcpp_wait_set' returned '0': CMAKE_PREFIX_PATH=${CMAKE_PREFIX_PATH}:/home/eleclabs/ros2_ws/install/mypkg:/home/eleclabs/ros2_ws/install/my_robot_controller:/home/eleclabs/ros2_ws/install/my_camera:/opt/ros/humble /usr/bin/cmake /home/eleclabs/ros2_ws/src/examples/rclcpp/wait_set -DCMAKE_INSTALL_PREFIX=/home/eleclabs/ros2_ws/install/examples_rclcpp_wait_set
[3.971s] Invoking command in '/home/eleclabs/ros2_ws/build/examples_rclcpp_wait_set': CMAKE_PREFIX_PATH=${CMAKE_PREFIX_PATH}:/home/eleclabs/ros2_ws/install/mypkg:/home/eleclabs/ros2_ws/install/my_robot_controller:/home/eleclabs/ros2_ws/install/my_camera:/opt/ros/humble /usr/bin/cmake --build /home/eleclabs/ros2_ws/build/examples_rclcpp_wait_set -- -j16 -l16
[4.380s] [35m[1mConsolidate compiler generated dependencies of target wait_set_talker[0m
[4.380s] [35m[1mConsolidate compiler generated dependencies of target talker[0m
[4.381s] [35m[1mConsolidate compiler generated dependencies of target wait_set_topics_and_timer[0m
[4.381s] [35m[1mConsolidate compiler generated dependencies of target static_wait_set[0m
[4.381s] [  4%] [32mBuilding CXX object CMakeFiles/wait_set.dir/src/wait_set.cpp.o[0m
[4.382s] [35m[1mConsolidate compiler generated dependencies of target listener[0m
[4.382s] [  8%] [32mBuilding CXX object CMakeFiles/wait_set_listener.dir/rclcpp_components/node_main_wait_set_listener.cpp.o[0m
[4.393s] [ 12%] [32mBuilding CXX object CMakeFiles/wait_set_random_order.dir/src/wait_set_random_order.cpp.o[0m
[4.440s] [ 20%] Built target talker
[4.475s] [ 25%] [32mBuilding CXX object CMakeFiles/thread_safe_wait_set.dir/src/thread_safe_wait_set.cpp.o[0m
[4.475s] [ 33%] Built target wait_set_talker
[4.475s] [ 41%] Built target listener
[4.475s] [ 45%] [32mBuilding CXX object CMakeFiles/executor_random_order.dir/src/executor_random_order.cpp.o[0m
[4.480s] [ 54%] Built target static_wait_set
[4.543s] [ 62%] Built target wait_set_topics_and_timer
[4.619s] [ 66%] [32mBuilding CXX object CMakeFiles/wait_set_composed.dir/src/wait_set_composed.cpp.o[0m
[4.652s] [ 70%] [32mBuilding CXX object CMakeFiles/wait_set_topics_with_different_rates.dir/src/wait_set_topics_with_different_rates.cpp.o[0m
[33.423s] [01m[Kc++:[m[K [01;31m[Kfatal error: [m[KKilled signal terminated program cc1plus
[33.429s] compilation terminated.
[33.454s] gmake[2]: *** [CMakeFiles/wait_set_listener.dir/build.make:76: CMakeFiles/wait_set_listener.dir/rclcpp_components/node_main_wait_set_listener.cpp.o] Error 1
[33.585s] gmake[2]: *** [CMakeFiles/wait_set_composed.dir/build.make:76: CMakeFiles/wait_set_composed.dir/src/wait_set_composed.cpp.o] Interrupt
[34.061s] gmake[2]: *** [CMakeFiles/thread_safe_wait_set.dir/build.make:76: CMakeFiles/thread_safe_wait_set.dir/src/thread_safe_wait_set.cpp.o] Interrupt
[34.061s] gmake[2]: *** [CMakeFiles/wait_set_topics_with_different_rates.dir/build.make:76: CMakeFiles/wait_set_topics_with_different_rates.dir/src/wait_set_topics_with_different_rates.cpp.o] Interrupt
[34.061s] gmake[2]: *** [CMakeFiles/wait_set_random_order.dir/build.make:76: CMakeFiles/wait_set_random_order.dir/src/wait_set_random_order.cpp.o] Interrupt
[34.061s] gmake[2]: *** [CMakeFiles/executor_random_order.dir/build.make:76: CMakeFiles/executor_random_order.dir/src/executor_random_order.cpp.o] Interrupt
[34.061s] gmake[2]: *** [CMakeFiles/wait_set.dir/build.make:76: CMakeFiles/wait_set.dir/src/wait_set.cpp.o] Interrupt
[34.061s] gmake[1]: *** [CMakeFiles/Makefile2:446: CMakeFiles/wait_set_composed.dir/all] Interrupt
[34.062s] gmake[1]: *** [CMakeFiles/Makefile2:263: CMakeFiles/wait_set.dir/all] Interrupt
[34.062s] gmake[1]: *** [CMakeFiles/Makefile2:419: CMakeFiles/wait_set_topics_with_different_rates.dir/all] Interrupt
[34.062s] gmake[1]: *** [CMakeFiles/Makefile2:367: CMakeFiles/wait_set_random_order.dir/all] Interrupt
[34.062s] gmake[1]: *** [CMakeFiles/Makefile2:315: CMakeFiles/thread_safe_wait_set.dir/all] Interrupt
[34.062s] gmake[1]: *** [CMakeFiles/Makefile2:393: CMakeFiles/executor_random_order.dir/all] Interrupt
[34.078s] gmake[1]: *** wait: No child processes.  Stop.
[34.078s] gmake[1]: *** Waiting for unfinished jobs....
[34.078s] gmake[1]: *** wait: No child processes.  Stop.
[34.078s] gmake: *** [Makefile:146: all] Error 2
