[0.283s] Invoking command in '/home/eleclabs/ros2_ws/build/examples_rclcpp_multithreaded_executor': CMAKE_PREFIX_PATH=${CMAKE_PREFIX_PATH}:/home/eleclabs/ros2_ws/install/mypkg:/home/eleclabs/ros2_ws/install/my_robot_controller:/home/eleclabs/ros2_ws/install/my_camera:/opt/ros/humble /usr/bin/cmake /home/eleclabs/ros2_ws/src/examples/rclcpp/executors/multithreaded_executor -DAMENT_CMAKE_SYMLINK_INSTALL=1 -DCMAKE_INSTALL_PREFIX=/home/eleclabs/ros2_ws/install/examples_rclcpp_multithreaded_executor
[7.345s] -- The C compiler identification is GNU 11.4.0
[7.345s] -- The CXX compiler identification is GNU 11.4.0
[7.345s] -- Detecting C compiler ABI info
[7.346s] -- Detecting C compiler ABI info - done
[7.346s] -- Check for working C compiler: /usr/bin/cc - skipped
[7.346s] -- Detecting C compile features
[7.346s] -- Detecting C compile features - done
[7.347s] -- Detecting CXX compiler ABI info
[7.347s] -- Detecting CXX compiler ABI info - done
[7.347s] -- Check for working CXX compiler: /usr/bin/c++ - skipped
[7.347s] -- Detecting CXX compile features
[7.347s] -- Detecting CXX compile features - done
[7.348s] -- Found ament_cmake: 1.3.10 (/opt/ros/humble/share/ament_cmake/cmake)
[7.348s] -- Found Python3: /usr/bin/python3 (found version "3.10.12") found components: Interpreter 
[7.348s] -- Override CMake install command with custom implementation using symlinks instead of copying resources
[7.348s] -- Found rclcpp: 16.0.10 (/opt/ros/humble/share/rclcpp/cmake)
[7.348s] -- Found rosidl_generator_c: 3.1.5 (/opt/ros/humble/share/rosidl_generator_c/cmake)
[7.349s] -- Found rosidl_adapter: 3.1.5 (/opt/ros/humble/share/rosidl_adapter/cmake)
[7.349s] -- Found rosidl_generator_cpp: 3.1.5 (/opt/ros/humble/share/rosidl_generator_cpp/cmake)
[7.349s] -- Using all available rosidl_typesupport_c: rosidl_typesupport_fastrtps_c;rosidl_typesupport_introspection_c
[7.349s] -- Using all available rosidl_typesupport_cpp: rosidl_typesupport_fastrtps_cpp;rosidl_typesupport_introspection_cpp
[7.350s] -- Found rmw_implementation_cmake: 6.1.2 (/opt/ros/humble/share/rmw_implementation_cmake/cmake)
[7.350s] -- Found rmw_cyclonedds_cpp: 1.3.4 (/opt/ros/humble/share/rmw_cyclonedds_cpp/cmake)
[7.350s] -- Using RMW implementation 'rmw_cyclonedds_cpp' as default
[7.350s] -- Looking for pthread.h
[7.351s] -- Looking for pthread.h - found
[7.351s] -- Performing Test CMAKE_HAVE_LIBC_PTHREAD
[7.352s] -- Performing Test CMAKE_HAVE_LIBC_PTHREAD - Success
[7.352s] -- Found Threads: TRUE  
[7.353s] -- Found ament_lint_auto: 0.12.11 (/opt/ros/humble/share/ament_lint_auto/cmake)
[7.353s] -- Added test 'copyright' to check source files copyright and LICENSE
[7.354s] -- Added test 'cppcheck' to perform static code analysis on C / C++ code
[7.355s] -- Configured cppcheck include dirs: 
[7.356s] -- Configured cppcheck exclude dirs and/or files: 
[7.356s] -- Added test 'cpplint' to check C / C++ code against the Google style
[7.356s] -- Configured cpplint exclude dirs and/or files: 
[7.357s] -- Added test 'lint_cmake' to check CMake code style
[7.358s] -- Added test 'uncrustify' to check C / C++ code style
[7.359s] -- Configured uncrustify additional arguments: 
[7.360s] -- Added test 'xmllint' to check XML markup files
[7.361s] -- Configuring done
[7.362s] -- Generating done
[7.363s] -- Build files have been written to: /home/eleclabs/ros2_ws/build/examples_rclcpp_multithreaded_executor
[7.452s] Invoked command in '/home/eleclabs/ros2_ws/build/examples_rclcpp_multithreaded_executor' returned '0': CMAKE_PREFIX_PATH=${CMAKE_PREFIX_PATH}:/home/eleclabs/ros2_ws/install/mypkg:/home/eleclabs/ros2_ws/install/my_robot_controller:/home/eleclabs/ros2_ws/install/my_camera:/opt/ros/humble /usr/bin/cmake /home/eleclabs/ros2_ws/src/examples/rclcpp/executors/multithreaded_executor -DAMENT_CMAKE_SYMLINK_INSTALL=1 -DCMAKE_INSTALL_PREFIX=/home/eleclabs/ros2_ws/install/examples_rclcpp_multithreaded_executor
[7.454s] Invoking command in '/home/eleclabs/ros2_ws/build/examples_rclcpp_multithreaded_executor': CMAKE_PREFIX_PATH=${CMAKE_PREFIX_PATH}:/home/eleclabs/ros2_ws/install/mypkg:/home/eleclabs/ros2_ws/install/my_robot_controller:/home/eleclabs/ros2_ws/install/my_camera:/opt/ros/humble /usr/bin/cmake --build /home/eleclabs/ros2_ws/build/examples_rclcpp_multithreaded_executor -- -j16 -l16
[7.609s] [ 50%] [32mBuilding CXX object CMakeFiles/multithreaded_executor.dir/multithreaded_executor.cpp.o[0m
[91.346s] [01m[Kc++:[m[K [01;31m[Kfatal error: [m[KKilled signal terminated program cc1plus
[91.361s] compilation terminated.
[91.392s] gmake[2]: *** [CMakeFiles/multithreaded_executor.dir/build.make:76: CMakeFiles/multithreaded_executor.dir/multithreaded_executor.cpp.o] Error 1
[91.430s] gmake[1]: *** [CMakeFiles/Makefile2:137: CMakeFiles/multithreaded_executor.dir/all] Error 2
[91.457s] gmake: *** [Makefile:146: all] Error 2
[243.315s] Invoked command in '/home/eleclabs/ros2_ws/build/examples_rclcpp_multithreaded_executor' returned '2': CMAKE_PREFIX_PATH=${CMAKE_PREFIX_PATH}:/home/eleclabs/ros2_ws/install/mypkg:/home/eleclabs/ros2_ws/install/my_robot_controller:/home/eleclabs/ros2_ws/install/my_camera:/opt/ros/humble /usr/bin/cmake --build /home/eleclabs/ros2_ws/build/examples_rclcpp_multithreaded_executor -- -j16 -l16
