[0.315s] Invoking command in '/home/eleclabs/ros2_ws/build/examples_rclcpp_minimal_action_client': CMAKE_PREFIX_PATH=${CMAKE_PREFIX_PATH}:/home/eleclabs/ros2_ws/install/mypkg:/home/eleclabs/ros2_ws/install/my_robot_controller:/home/eleclabs/ros2_ws/install/my_camera:/opt/ros/humble /usr/bin/cmake /home/eleclabs/ros2_ws/src/examples/rclcpp/actions/minimal_action_client -DAMENT_CMAKE_SYMLINK_INSTALL=1 -DCMAKE_INSTALL_PREFIX=/home/eleclabs/ros2_ws/install/examples_rclcpp_minimal_action_client
[3.907s] -- The C compiler identification is GNU 11.4.0
[3.907s] -- The CXX compiler identification is GNU 11.4.0
[3.908s] -- Detecting C compiler ABI info
[3.908s] -- Detecting C compiler ABI info - done
[3.909s] -- Check for working C compiler: /usr/bin/cc - skipped
[3.909s] -- Detecting C compile features
[3.912s] -- Detecting C compile features - done
[3.913s] -- Detecting CXX compiler ABI info
[3.913s] -- Detecting CXX compiler ABI info - done
[3.914s] -- Check for working CXX compiler: /usr/bin/c++ - skipped
[3.914s] -- Detecting CXX compile features
[3.915s] -- Detecting CXX compile features - done
[3.915s] -- Found ament_cmake: 1.3.10 (/opt/ros/humble/share/ament_cmake/cmake)
[4.000s] -- Found Python3: /usr/bin/python3 (found version "3.10.12") found components: Interpreter 
[4.304s] -- Override CMake install command with custom implementation using symlinks instead of copying resources
[4.528s] -- Found example_interfaces: 0.9.3 (/opt/ros/humble/share/example_interfaces/cmake)
[5.153s] -- Found rosidl_generator_c: 3.1.5 (/opt/ros/humble/share/rosidl_generator_c/cmake)
[5.184s] -- Found rosidl_adapter: 3.1.5 (/opt/ros/humble/share/rosidl_adapter/cmake)
[5.228s] -- Found rosidl_generator_cpp: 3.1.5 (/opt/ros/humble/share/rosidl_generator_cpp/cmake)
[5.308s] -- Using all available rosidl_typesupport_c: rosidl_typesupport_fastrtps_c;rosidl_typesupport_introspection_c
[5.393s] -- Using all available rosidl_typesupport_cpp: rosidl_typesupport_fastrtps_cpp;rosidl_typesupport_introspection_cpp
[5.631s] -- Found rclcpp: 16.0.10 (/opt/ros/humble/share/rclcpp/cmake)
[5.774s] -- Found rmw_implementation_cmake: 6.1.2 (/opt/ros/humble/share/rmw_implementation_cmake/cmake)
[5.785s] -- Found rmw_cyclonedds_cpp: 1.3.4 (/opt/ros/humble/share/rmw_cyclonedds_cpp/cmake)
[5.877s] -- Using RMW implementation 'rmw_cyclonedds_cpp' as default
[5.911s] -- Looking for pthread.h
[6.322s] -- Looking for pthread.h - found
[6.322s] -- Performing Test CMAKE_HAVE_LIBC_PTHREAD
[6.674s] -- Performing Test CMAKE_HAVE_LIBC_PTHREAD - Success
[6.676s] -- Found Threads: TRUE  
[6.935s] -- Found rclcpp_action: 16.0.10 (/opt/ros/humble/share/rclcpp_action/cmake)
[7.017s] -- Found ament_lint_auto: 0.12.11 (/opt/ros/humble/share/ament_lint_auto/cmake)
[7.372s] -- Added test 'copyright' to check source files copyright and LICENSE
[7.381s] -- Added test 'cppcheck' to perform static code analysis on C / C++ code
[7.381s] -- Configured cppcheck include dirs: 
[7.381s] -- Configured cppcheck exclude dirs and/or files: 
[7.382s] -- Added test 'cpplint' to check C / C++ code against the Google style
[7.383s] -- Configured cpplint exclude dirs and/or files: 
[7.384s] -- Added test 'lint_cmake' to check CMake code style
[7.388s] -- Added test 'uncrustify' to check C / C++ code style
[7.388s] -- Configured uncrustify additional arguments: 
[7.390s] -- Added test 'xmllint' to check XML markup files
[7.395s] -- Configuring done
[7.484s] -- Generating done
[7.486s] -- Build files have been written to: /home/eleclabs/ros2_ws/build/examples_rclcpp_minimal_action_client
[7.630s] Invoked command in '/home/eleclabs/ros2_ws/build/examples_rclcpp_minimal_action_client' returned '0': CMAKE_PREFIX_PATH=${CMAKE_PREFIX_PATH}:/home/eleclabs/ros2_ws/install/mypkg:/home/eleclabs/ros2_ws/install/my_robot_controller:/home/eleclabs/ros2_ws/install/my_camera:/opt/ros/humble /usr/bin/cmake /home/eleclabs/ros2_ws/src/examples/rclcpp/actions/minimal_action_client -DAMENT_CMAKE_SYMLINK_INSTALL=1 -DCMAKE_INSTALL_PREFIX=/home/eleclabs/ros2_ws/install/examples_rclcpp_minimal_action_client
[7.632s] Invoking command in '/home/eleclabs/ros2_ws/build/examples_rclcpp_minimal_action_client': CMAKE_PREFIX_PATH=${CMAKE_PREFIX_PATH}:/home/eleclabs/ros2_ws/install/mypkg:/home/eleclabs/ros2_ws/install/my_robot_controller:/home/eleclabs/ros2_ws/install/my_camera:/opt/ros/humble /usr/bin/cmake --build /home/eleclabs/ros2_ws/build/examples_rclcpp_minimal_action_client -- -j16 -l16
[8.414s] [ 12%] [32mBuilding CXX object CMakeFiles/action_client_not_composable.dir/not_composable.cpp.o[0m
[8.414s] [ 25%] [32mBuilding CXX object CMakeFiles/action_client_member_functions.dir/member_functions.cpp.o[0m
[8.414s] [ 37%] [32mBuilding CXX object CMakeFiles/action_client_not_composable_with_feedback.dir/not_composable_with_feedback.cpp.o[0m
[8.414s] [ 50%] [32mBuilding CXX object CMakeFiles/action_client_not_composable_with_cancel.dir/not_composable_with_cancel.cpp.o[0m
[70.949s] [01m[Kc++:[m[K [01;31m[Kfatal error: [m[KKilled signal terminated program cc1plus
[70.959s] compilation terminated.
[70.964s] gmake[2]: *** [CMakeFiles/action_client_not_composable_with_cancel.dir/build.make:76: CMakeFiles/action_client_not_composable_with_cancel.dir/not_composable_with_cancel.cpp.o] Error 1
[71.081s] gmake[1]: *** [CMakeFiles/Makefile2:195: CMakeFiles/action_client_not_composable_with_cancel.dir/all] Error 2
[71.083s] gmake[1]: *** Waiting for unfinished jobs....
[265.023s] [01m[Kc++:[m[K [01;31m[Kfatal error: [m[KKilled signal terminated program cc1plus
[265.026s] compilation terminated.
[265.027s] gmake[2]: *** [CMakeFiles/action_client_member_functions.dir/build.make:76: CMakeFiles/action_client_member_functions.dir/member_functions.cpp.o] Error 1
[265.066s] gmake[1]: *** [CMakeFiles/Makefile2:143: CMakeFiles/action_client_member_functions.dir/all] Error 2
[323.464s] [01m[Kc++:[m[K [01;31m[Kfatal error: [m[KKilled signal terminated program cc1plus
[323.477s] compilation terminated.
[323.477s] gmake[2]: *** [CMakeFiles/action_client_not_composable.dir/build.make:76: CMakeFiles/action_client_not_composable.dir/not_composable.cpp.o] Error 1
[323.520s] gmake[1]: *** [CMakeFiles/Makefile2:169: CMakeFiles/action_client_not_composable.dir/all] Error 2
[329.722s] [ 62%] [32m[1mLinking CXX executable action_client_not_composable_with_feedback[0m
[330.744s] [ 62%] Built target action_client_not_composable_with_feedback
[330.777s] gmake: *** [Makefile:146: all] Error 2
