[0.317s] Invoking command in '/home/eleclabs/ros2_ws/build/examples_rclcpp_cbg_executor': CMAKE_PREFIX_PATH=${CMAKE_PREFIX_PATH}:/home/eleclabs/ros2_ws/install/mypkg:/home/eleclabs/ros2_ws/install/my_robot_controller:/home/eleclabs/ros2_ws/install/my_camera:/opt/ros/humble /usr/bin/cmake /home/eleclabs/ros2_ws/src/examples/rclcpp/executors/cbg_executor -DAMENT_CMAKE_SYMLINK_INSTALL=1 -DCMAKE_INSTALL_PREFIX=/home/eleclabs/ros2_ws/install/examples_rclcpp_cbg_executor
[3.918s] -- The C compiler identification is GNU 11.4.0
[3.921s] -- The CXX compiler identification is GNU 11.4.0
[3.921s] -- Detecting C compiler ABI info
[3.921s] -- Detecting C compiler ABI info - done
[3.922s] -- Check for working C compiler: /usr/bin/cc - skipped
[3.922s] -- Detecting C compile features
[3.922s] -- Detecting C compile features - done
[3.922s] -- Detecting CXX compiler ABI info
[3.922s] -- Detecting CXX compiler ABI info - done
[3.923s] -- Check for working CXX compiler: /usr/bin/c++ - skipped
[3.923s] -- Detecting CXX compile features
[3.923s] -- Detecting CXX compile features - done
[3.923s] -- Found ament_cmake: 1.3.10 (/opt/ros/humble/share/ament_cmake/cmake)
[4.013s] -- Found Python3: /usr/bin/python3 (found version "3.10.12") found components: Interpreter 
[4.320s] -- Override CMake install command with custom implementation using symlinks instead of copying resources
[4.549s] -- Found rclcpp: 16.0.10 (/opt/ros/humble/share/rclcpp/cmake)
[5.172s] -- Found rosidl_generator_c: 3.1.5 (/opt/ros/humble/share/rosidl_generator_c/cmake)
[5.200s] -- Found rosidl_adapter: 3.1.5 (/opt/ros/humble/share/rosidl_adapter/cmake)
[5.245s] -- Found rosidl_generator_cpp: 3.1.5 (/opt/ros/humble/share/rosidl_generator_cpp/cmake)
[5.325s] -- Using all available rosidl_typesupport_c: rosidl_typesupport_fastrtps_c;rosidl_typesupport_introspection_c
[5.407s] -- Using all available rosidl_typesupport_cpp: rosidl_typesupport_fastrtps_cpp;rosidl_typesupport_introspection_cpp
[5.643s] -- Found rmw_implementation_cmake: 6.1.2 (/opt/ros/humble/share/rmw_implementation_cmake/cmake)
[5.662s] -- Found rmw_cyclonedds_cpp: 1.3.4 (/opt/ros/humble/share/rmw_cyclonedds_cpp/cmake)
[5.788s] -- Using RMW implementation 'rmw_cyclonedds_cpp' as default
[5.837s] -- Looking for pthread.h
[6.252s] -- Looking for pthread.h - found
[6.253s] -- Performing Test CMAKE_HAVE_LIBC_PTHREAD
[6.582s] -- Performing Test CMAKE_HAVE_LIBC_PTHREAD - Success
[6.584s] -- Found Threads: TRUE  
[6.963s] -- Found ament_lint_auto: 0.12.11 (/opt/ros/humble/share/ament_lint_auto/cmake)
[7.360s] -- Added test 'copyright' to check source files copyright and LICENSE
[7.367s] -- Added test 'cppcheck' to perform static code analysis on C / C++ code
[7.368s] -- Configured cppcheck include dirs: /home/eleclabs/ros2_ws/src/examples/rclcpp/executors/cbg_executor/include
[7.369s] -- Configured cppcheck exclude dirs and/or files: 
[7.374s] -- Added test 'cpplint' to check C / C++ code against the Google style
[7.375s] -- Configured cpplint exclude dirs and/or files: 
[7.377s] -- Added test 'lint_cmake' to check CMake code style
[7.383s] -- Added test 'uncrustify' to check C / C++ code style
[7.383s] -- Configured uncrustify additional arguments: 
[7.385s] -- Added test 'xmllint' to check XML markup files
[7.398s] -- Configuring done
[7.453s] -- Generating done
[7.459s] -- Build files have been written to: /home/eleclabs/ros2_ws/build/examples_rclcpp_cbg_executor
[7.580s] Invoked command in '/home/eleclabs/ros2_ws/build/examples_rclcpp_cbg_executor' returned '0': CMAKE_PREFIX_PATH=${CMAKE_PREFIX_PATH}:/home/eleclabs/ros2_ws/install/mypkg:/home/eleclabs/ros2_ws/install/my_robot_controller:/home/eleclabs/ros2_ws/install/my_camera:/opt/ros/humble /usr/bin/cmake /home/eleclabs/ros2_ws/src/examples/rclcpp/executors/cbg_executor -DAMENT_CMAKE_SYMLINK_INSTALL=1 -DCMAKE_INSTALL_PREFIX=/home/eleclabs/ros2_ws/install/examples_rclcpp_cbg_executor
[7.582s] Invoking command in '/home/eleclabs/ros2_ws/build/examples_rclcpp_cbg_executor': CMAKE_PREFIX_PATH=${CMAKE_PREFIX_PATH}:/home/eleclabs/ros2_ws/install/mypkg:/home/eleclabs/ros2_ws/install/my_robot_controller:/home/eleclabs/ros2_ws/install/my_camera:/opt/ros/humble /usr/bin/cmake --build /home/eleclabs/ros2_ws/build/examples_rclcpp_cbg_executor -- -j16 -l16
[7.838s] [ 10%] [32mBuilding CXX object CMakeFiles/pong.dir/src/pong.cpp.o[0m
[7.839s] [ 30%] [32mBuilding CXX object CMakeFiles/ping_pong.dir/src/ping_pong.cpp.o[0m
[7.839s] [ 30%] [32mBuilding CXX object CMakeFiles/pong.dir/src/examples_rclcpp_cbg_executor/pong_node.cpp.o[0m
[7.839s] [ 40%] [32mBuilding CXX object CMakeFiles/ping.dir/src/ping.cpp.o[0m
[7.840s] [ 50%] [32mBuilding CXX object CMakeFiles/ping_pong.dir/src/examples_rclcpp_cbg_executor/ping_node.cpp.o[0m
[7.840s] [ 60%] [32mBuilding CXX object CMakeFiles/ping_pong.dir/src/examples_rclcpp_cbg_executor/pong_node.cpp.o[0m
[7.840s] [ 70%] [32mBuilding CXX object CMakeFiles/ping.dir/src/examples_rclcpp_cbg_executor/ping_node.cpp.o[0m
[50.330s] [01m[Kc++:[m[K [01;31m[Kfatal error: [m[KKilled signal terminated program cc1plus
[58.077s] compilation terminated.
[58.091s] gmake[2]: *** [CMakeFiles/ping_pong.dir/build.make:90: CMakeFiles/ping_pong.dir/src/examples_rclcpp_cbg_executor/ping_node.cpp.o] Error 1
[58.091s] gmake[2]: *** Waiting for unfinished jobs....
[145.510s] [01m[Kc++:[m[K [01;31m[Kfatal error: [m[KKilled signal terminated program cc1plus
[145.524s] compilation terminated.
[145.538s] gmake[2]: *** [CMakeFiles/ping.dir/build.make:90: CMakeFiles/ping.dir/src/examples_rclcpp_cbg_executor/ping_node.cpp.o] Error 1
[145.539s] gmake[2]: *** Waiting for unfinished jobs....
[151.961s] [01m[Kc++:[m[K [01;31m[Kfatal error: [m[KKilled signal terminated program cc1plus
[151.966s] compilation terminated.
[151.967s] gmake[2]: *** [CMakeFiles/ping.dir/build.make:76: CMakeFiles/ping.dir/src/ping.cpp.o] Error 1
[152.038s] gmake[1]: *** [CMakeFiles/Makefile2:141: CMakeFiles/ping.dir/all] Error 2
[152.039s] gmake[1]: *** Waiting for unfinished jobs....
[169.159s] [01m[Kc++:[m[K [01;31m[Kfatal error: [m[KKilled signal terminated program cc1plus
[169.160s] compilation terminated.
[169.197s] gmake[2]: *** [CMakeFiles/pong.dir/build.make:90: CMakeFiles/pong.dir/src/examples_rclcpp_cbg_executor/pong_node.cpp.o] Error 1
[169.215s] gmake[2]: *** Waiting for unfinished jobs....
[181.006s] [01m[Kc++:[m[K [01;31m[Kfatal error: [m[KKilled signal terminated program cc1plus
[181.014s] compilation terminated.
[181.014s] gmake[2]: *** [CMakeFiles/pong.dir/build.make:76: CMakeFiles/pong.dir/src/pong.cpp.o] Error 1
[181.020s] gmake[1]: *** [CMakeFiles/Makefile2:167: CMakeFiles/pong.dir/all] Error 2
[189.456s] [01m[Kc++:[m[K [01;31m[Kfatal error: [m[KKilled signal terminated program cc1plus
[189.461s] compilation terminated.
[189.461s] gmake[2]: *** [CMakeFiles/ping_pong.dir/build.make:76: CMakeFiles/ping_pong.dir/src/ping_pong.cpp.o] Error 1
[351.801s] gmake[1]: *** [CMakeFiles/Makefile2:193: CMakeFiles/ping_pong.dir/all] Error 2
[351.826s] gmake: *** [Makefile:146: all] Error 2
