[0.291s] Invoking command in '/home/eleclabs/ros2_ws/build/examples_rclcpp_minimal_timer': CMAKE_PREFIX_PATH=${CMAKE_PREFIX_PATH}:/home/eleclabs/ros2_ws/install/mypkg:/home/eleclabs/ros2_ws/install/my_robot_controller:/home/eleclabs/ros2_ws/install/my_camera:/opt/ros/humble /usr/bin/cmake /home/eleclabs/ros2_ws/src/examples/rclcpp/timers/minimal_timer -DAMENT_CMAKE_SYMLINK_INSTALL=1 -DCMAKE_INSTALL_PREFIX=/home/eleclabs/ros2_ws/install/examples_rclcpp_minimal_timer
[3.897s] -- The C compiler identification is GNU 11.4.0
[3.898s] -- The CXX compiler identification is GNU 11.4.0
[3.898s] -- Detecting C compiler ABI info
[3.898s] -- Detecting C compiler ABI info - done
[3.899s] -- Check for working C compiler: /usr/bin/cc - skipped
[3.899s] -- Detecting C compile features
[3.899s] -- Detecting C compile features - done
[3.900s] -- Detecting CXX compiler ABI info
[3.900s] -- Detecting CXX compiler ABI info - done
[3.901s] -- Check for working CXX compiler: /usr/bin/c++ - skipped
[3.901s] -- Detecting CXX compile features
[3.901s] -- Detecting CXX compile features - done
[3.902s] -- Found ament_cmake: 1.3.10 (/opt/ros/humble/share/ament_cmake/cmake)
[4.320s] -- Found Python3: /usr/bin/python3 (found version "3.10.12") found components: Interpreter 
[4.513s] -- Override CMake install command with custom implementation using symlinks instead of copying resources
[4.636s] -- Found rclcpp: 16.0.10 (/opt/ros/humble/share/rclcpp/cmake)
[5.169s] -- Found rosidl_generator_c: 3.1.5 (/opt/ros/humble/share/rosidl_generator_c/cmake)
[5.187s] -- Found rosidl_adapter: 3.1.5 (/opt/ros/humble/share/rosidl_adapter/cmake)
[5.217s] -- Found rosidl_generator_cpp: 3.1.5 (/opt/ros/humble/share/rosidl_generator_cpp/cmake)
[5.257s] -- Using all available rosidl_typesupport_c: rosidl_typesupport_fastrtps_c;rosidl_typesupport_introspection_c
[5.314s] -- Using all available rosidl_typesupport_cpp: rosidl_typesupport_fastrtps_cpp;rosidl_typesupport_introspection_cpp
[5.534s] -- Found rmw_implementation_cmake: 6.1.2 (/opt/ros/humble/share/rmw_implementation_cmake/cmake)
[5.551s] -- Found rmw_cyclonedds_cpp: 1.3.4 (/opt/ros/humble/share/rmw_cyclonedds_cpp/cmake)
[5.677s] -- Using RMW implementation 'rmw_cyclonedds_cpp' as default
[5.730s] -- Looking for pthread.h
[6.141s] -- Looking for pthread.h - found
[6.143s] -- Performing Test CMAKE_HAVE_LIBC_PTHREAD
[6.471s] -- Performing Test CMAKE_HAVE_LIBC_PTHREAD - Success
[6.473s] -- Found Threads: TRUE  
[6.847s] -- Found ament_lint_auto: 0.12.11 (/opt/ros/humble/share/ament_lint_auto/cmake)
[7.249s] -- Added test 'copyright' to check source files copyright and LICENSE
[7.253s] -- Added test 'cppcheck' to perform static code analysis on C / C++ code
[7.256s] -- Configured cppcheck include dirs: 
[7.256s] -- Configured cppcheck exclude dirs and/or files: 
[7.259s] -- Added test 'cpplint' to check C / C++ code against the Google style
[7.260s] -- Configured cpplint exclude dirs and/or files: 
[7.263s] -- Added test 'lint_cmake' to check CMake code style
[7.269s] -- Added test 'uncrustify' to check C / C++ code style
[7.269s] -- Configured uncrustify additional arguments: 
[7.271s] -- Added test 'xmllint' to check XML markup files
[7.287s] -- Configuring done
[7.335s] -- Generating done
[7.337s] -- Build files have been written to: /home/eleclabs/ros2_ws/build/examples_rclcpp_minimal_timer
[7.448s] Invoked command in '/home/eleclabs/ros2_ws/build/examples_rclcpp_minimal_timer' returned '0': CMAKE_PREFIX_PATH=${CMAKE_PREFIX_PATH}:/home/eleclabs/ros2_ws/install/mypkg:/home/eleclabs/ros2_ws/install/my_robot_controller:/home/eleclabs/ros2_ws/install/my_camera:/opt/ros/humble /usr/bin/cmake /home/eleclabs/ros2_ws/src/examples/rclcpp/timers/minimal_timer -DAMENT_CMAKE_SYMLINK_INSTALL=1 -DCMAKE_INSTALL_PREFIX=/home/eleclabs/ros2_ws/install/examples_rclcpp_minimal_timer
[7.450s] Invoking command in '/home/eleclabs/ros2_ws/build/examples_rclcpp_minimal_timer': CMAKE_PREFIX_PATH=${CMAKE_PREFIX_PATH}:/home/eleclabs/ros2_ws/install/mypkg:/home/eleclabs/ros2_ws/install/my_robot_controller:/home/eleclabs/ros2_ws/install/my_camera:/opt/ros/humble /usr/bin/cmake --build /home/eleclabs/ros2_ws/build/examples_rclcpp_minimal_timer -- -j16 -l16
[7.587s] [ 25%] [32mBuilding CXX object CMakeFiles/timer_lambda.dir/lambda.cpp.o[0m
[7.591s] [ 50%] [32mBuilding CXX object CMakeFiles/timer_member_function.dir/member_function.cpp.o[0m
[78.087s] [01m[Kc++:[m[K [01;31m[Kfatal error: [m[KKilled signal terminated program cc1plus
[78.099s] compilation terminated.
[78.106s] gmake[2]: *** [CMakeFiles/timer_member_function.dir/build.make:76: CMakeFiles/timer_member_function.dir/member_function.cpp.o] Error 1
[78.151s] gmake[1]: *** [CMakeFiles/Makefile2:165: CMakeFiles/timer_member_function.dir/all] Error 2
[78.169s] gmake[1]: *** Waiting for unfinished jobs....
[328.812s] [ 75%] [32m[1mLinking CXX executable timer_lambda[0m
[329.794s] [ 75%] Built target timer_lambda
[329.847s] gmake: *** [Makefile:146: all] Error 2
